[debug] [2023-11-12T21:21:31.747Z] ----------------------------------------------------------------------
[debug] [2023-11-12T21:21:31.749Z] Command:       C:\Program Files\nodejs\node.exe C:\Users\Brody\AppData\Roaming\npm\node_modules\firebase-tools\lib\bin\firebase.js init hosting:github
[debug] [2023-11-12T21:21:31.749Z] CLI Version:   12.5.4
[debug] [2023-11-12T21:21:31.749Z] Platform:      win32
[debug] [2023-11-12T21:21:31.749Z] Node Version:  v18.15.0
[debug] [2023-11-12T21:21:31.750Z] Time:          Sun Nov 12 2023 14:21:31 GMT-0700 (Mountain Standard Time)
[debug] [2023-11-12T21:21:31.750Z] ----------------------------------------------------------------------
[debug] 
[debug] [2023-11-12T21:21:31.807Z] > command requires scopes: ["email","openid","https://www.googleapis.com/auth/cloudplatformprojects.readonly","https://www.googleapis.com/auth/firebase","https://www.googleapis.com/auth/cloud-platform"]
[debug] [2023-11-12T21:21:31.808Z] > authorizing via signed-in user (brodymlarson2@gmail.com)
[info] 
     ######## #### ########  ######## ########     ###     ######  ########
     ##        ##  ##     ## ##       ##     ##  ##   ##  ##       ##
     ######    ##  ########  ######   ########  #########  ######  ######
     ##        ##  ##    ##  ##       ##     ## ##     ##       ## ##
     ##       #### ##     ## ######## ########  ##     ##  ######  ########

You're about to initialize a Firebase project in this directory:

  C:\Users\Brody\SchoolProj\MoneyMatters\frontend

Before we get started, keep in mind:

  * You are initializing within an existing Firebase project directory

[info] 
=== Project Setup
[info] 
[info] First, let's associate this project directory with a Firebase project.
[info] You can create multiple project aliases by running firebase use --add, 
[info] but for now we'll just set up a default project.
[info] 
[debug] [2023-11-12T21:21:33.152Z] Using project from CLI flag: money-matters-321894732
[debug] [2023-11-12T21:21:33.153Z] > refreshing access token with scopes: []
[debug] [2023-11-12T21:21:33.155Z] >>> [apiv2][query] POST https://www.googleapis.com/oauth2/v3/token [none]
[debug] [2023-11-12T21:21:33.155Z] >>> [apiv2][body] POST https://www.googleapis.com/oauth2/v3/token [omitted]
[debug] [2023-11-12T21:21:33.296Z] <<< [apiv2][status] POST https://www.googleapis.com/oauth2/v3/token 200
[debug] [2023-11-12T21:21:33.296Z] <<< [apiv2][body] POST https://www.googleapis.com/oauth2/v3/token [omitted]
[debug] [2023-11-12T21:21:33.304Z] >>> [apiv2][query] GET https://firebase.googleapis.com/v1beta1/projects/money-matters-321894732 [none]
[debug] [2023-11-12T21:21:33.435Z] <<< [apiv2][status] GET https://firebase.googleapis.com/v1beta1/projects/money-matters-321894732 200
[debug] [2023-11-12T21:21:33.435Z] <<< [apiv2][body] GET https://firebase.googleapis.com/v1beta1/projects/money-matters-321894732 {"projectId":"money-matters-321894732","projectNumber":"403917843069","displayName":"MoneyMAtters","name":"projects/money-matters-321894732","resources":{"hostingSite":"money-matters-321894732"},"state":"ACTIVE","etag":"1_f64fc495-fa4b-4fa9-868f-134be003492c"}
[info] i  Using project money-matters-321894732 (MoneyMAtters) 
[info] 
=== Hosting:github Setup
[info] 
[info] i  Detected a .git folder at C:\Users\Brody\SchoolProj\MoneyMatters 
[info] i  Authorizing with GitHub to upload your service account to a GitHub repository's secrets store. 
[info] 
[info] Visit this URL on this device to log in:
[info] https://github.com/login/oauth/authorize?client_id=89cf50f02ac6aaed3484&state=471841169&redirect_uri=http%3A%2F%2Flocalhost%3A9005&scope=read%3Auser%20repo%20public_repo
[info] 
[info] Waiting for authentication...
